The system is: OpenBSD - 7.0 - amd64
Compiling the C compiler identification source file "CMakeCCompilerId.c" succeeded.
Compiler: /usr/bin/cc 
Build flags: 
Id flags:  

The output was:
0


Compilation of the C compiler identification source "CMakeCCompilerId.c" produced "a.out"

The C compiler identification is Clang, found in "/home/kim/.config/emacs/elpa/vterm-20211226.817/build/CMakeFiles/3.20.3/CompilerIdC/a.out"

Detecting C compiler ABI info compiled with the following output:
Change Dir: /home/kim/.config/emacs/elpa/vterm-20211226.817/build/CMakeFiles/CMakeTmp

Run Build Command(s):/usr/bin/make -f Makefile cmTC_19229/fast && /usr/bin/make  -f CMakeFiles/cmTC_19229.dir/build.make CMakeFiles/cmTC_19229.dir/build
Building C object CMakeFiles/cmTC_19229.dir/CMakeCCompilerABI.c.o
/usr/bin/cc   -v -MD -MT CMakeFiles/cmTC_19229.dir/CMakeCCompilerABI.c.o -MF CMakeFiles/cmTC_19229.dir/CMakeCCompilerABI.c.o.d -o CMakeFiles/cmTC_19229.dir/CMakeCCompilerABI.c.o -c /usr/local/share/cmake/Modules/CMakeCCompilerABI.c
OpenBSD clang version 11.1.0
Target: amd64-unknown-openbsd7.0
Thread model: posix
InstalledDir: /usr/bin
 (in-process)
 "/usr/bin/cc" -cc1 -triple amd64-unknown-openbsd7.0 -emit-obj -mrelax-all -disable-free -disable-llvm-verifier -discard-value-names -main-file-name CMakeCCompilerABI.c -mrelocation-model pic -pic-level 1 -pic-is-pie -mframe-pointer=all -relaxed-aliasing -fno-rounding-math -mconstructor-aliases -munwind-tables -target-cpu x86-64 -target-feature +retpoline-indirect-calls -target-feature +retpoline-indirect-branches -fno-split-dwarf-inlining -debugger-tuning=gdb -v -resource-dir /usr/lib/clang/11.1.0 -dependency-file CMakeFiles/cmTC_19229.dir/CMakeCCompilerABI.c.o.d -MT CMakeFiles/cmTC_19229.dir/CMakeCCompilerABI.c.o -sys-header-deps -internal-isystem /usr/lib/clang/11.1.0/include -internal-externc-isystem /usr/include -fdebug-compilation-dir /home/kim/.dotfiles/emacs/elpa/vterm-20211226.817/build/CMakeFiles/CMakeTmp -ferror-limit 19 -fwrapv -D_RET_PROTECTOR -ret-protector -fgnuc-version=4.2.1 -fno-builtin-malloc -fno-builtin-calloc -fno-builtin-realloc -fno-builtin-valloc -fno-builtin-free -fno-builtin-strdup -fno-builtin-strndup -faddrsig -o CMakeFiles/cmTC_19229.dir/CMakeCCompilerABI.c.o -x c /usr/local/share/cmake/Modules/CMakeCCompilerABI.c
clang -cc1 version 11.1.0 based upon LLVM 11.1.0 default target amd64-unknown-openbsd7.0
#include "..." search starts here:
#include <...> search starts here:
 /usr/lib/clang/11.1.0/include
 /usr/include
End of search list.
Linking C executable cmTC_19229
/usr/local/bin/cmake -E cmake_link_script CMakeFiles/cmTC_19229.dir/link.txt --verbose=1
/usr/bin/cc  -v CMakeFiles/cmTC_19229.dir/CMakeCCompilerABI.c.o -o cmTC_19229  -Wl,-rpath-link,/usr/X11R6/lib:/usr/local/lib 
OpenBSD clang version 11.1.0
Target: amd64-unknown-openbsd7.0
Thread model: posix
InstalledDir: /usr/bin
 "/usr/bin/ld" -e __start --eh-frame-hdr -Bdynamic -dynamic-linker /usr/libexec/ld.so -o cmTC_19229 /usr/lib/crt0.o /usr/lib/crtbegin.o -L/usr/lib CMakeFiles/cmTC_19229.dir/CMakeCCompilerABI.c.o -rpath-link /usr/X11R6/lib:/usr/local/lib -lcompiler_rt -lc -lcompiler_rt /usr/lib/crtend.o



Parsed C implicit include dir info from above output: rv=done
  found start of include info
  found start of implicit include info
    add: [/usr/lib/clang/11.1.0/include]
    add: [/usr/include]
  end of search list found
  collapse include dir [/usr/lib/clang/11.1.0/include] ==> [/usr/lib/clang/11.1.0/include]
  collapse include dir [/usr/include] ==> [/usr/include]
  implicit include dirs: [/usr/lib/clang/11.1.0/include;/usr/include]


Parsed C implicit link information from above output:
  link line regex: [^( *|.*[/\])(ld|CMAKE_LINK_STARTFILE-NOTFOUND|([^/\]+-)?ld|collect2)[^/\]*( |$)]
  ignore line: [Change Dir: /home/kim/.config/emacs/elpa/vterm-20211226.817/build/CMakeFiles/CMakeTmp]
  ignore line: []
  ignore line: [Run Build Command(s):/usr/bin/make -f Makefile cmTC_19229/fast && /usr/bin/make  -f CMakeFiles/cmTC_19229.dir/build.make CMakeFiles/cmTC_19229.dir/build]
  ignore line: [Building C object CMakeFiles/cmTC_19229.dir/CMakeCCompilerABI.c.o]
  ignore line: [/usr/bin/cc   -v -MD -MT CMakeFiles/cmTC_19229.dir/CMakeCCompilerABI.c.o -MF CMakeFiles/cmTC_19229.dir/CMakeCCompilerABI.c.o.d -o CMakeFiles/cmTC_19229.dir/CMakeCCompilerABI.c.o -c /usr/local/share/cmake/Modules/CMakeCCompilerABI.c]
  ignore line: [OpenBSD clang version 11.1.0]
  ignore line: [Target: amd64-unknown-openbsd7.0]
  ignore line: [Thread model: posix]
  ignore line: [InstalledDir: /usr/bin]
  ignore line: [ (in-process)]
  ignore line: [ "/usr/bin/cc" -cc1 -triple amd64-unknown-openbsd7.0 -emit-obj -mrelax-all -disable-free -disable-llvm-verifier -discard-value-names -main-file-name CMakeCCompilerABI.c -mrelocation-model pic -pic-level 1 -pic-is-pie -mframe-pointer=all -relaxed-aliasing -fno-rounding-math -mconstructor-aliases -munwind-tables -target-cpu x86-64 -target-feature +retpoline-indirect-calls -target-feature +retpoline-indirect-branches -fno-split-dwarf-inlining -debugger-tuning=gdb -v -resource-dir /usr/lib/clang/11.1.0 -dependency-file CMakeFiles/cmTC_19229.dir/CMakeCCompilerABI.c.o.d -MT CMakeFiles/cmTC_19229.dir/CMakeCCompilerABI.c.o -sys-header-deps -internal-isystem /usr/lib/clang/11.1.0/include -internal-externc-isystem /usr/include -fdebug-compilation-dir /home/kim/.dotfiles/emacs/elpa/vterm-20211226.817/build/CMakeFiles/CMakeTmp -ferror-limit 19 -fwrapv -D_RET_PROTECTOR -ret-protector -fgnuc-version=4.2.1 -fno-builtin-malloc -fno-builtin-calloc -fno-builtin-realloc -fno-builtin-valloc -fno-builtin-free -fno-builtin-strdup -fno-builtin-strndup -faddrsig -o CMakeFiles/cmTC_19229.dir/CMakeCCompilerABI.c.o -x c /usr/local/share/cmake/Modules/CMakeCCompilerABI.c]
  ignore line: [clang -cc1 version 11.1.0 based upon LLVM 11.1.0 default target amd64-unknown-openbsd7.0]
  ignore line: [#include "..." search starts here:]
  ignore line: [#include <...> search starts here:]
  ignore line: [ /usr/lib/clang/11.1.0/include]
  ignore line: [ /usr/include]
  ignore line: [End of search list.]
  ignore line: [Linking C executable cmTC_19229]
  ignore line: [/usr/local/bin/cmake -E cmake_link_script CMakeFiles/cmTC_19229.dir/link.txt --verbose=1]
  ignore line: [/usr/bin/cc  -v CMakeFiles/cmTC_19229.dir/CMakeCCompilerABI.c.o -o cmTC_19229  -Wl -rpath-link /usr/X11R6/lib:/usr/local/lib ]
  ignore line: [OpenBSD clang version 11.1.0]
  ignore line: [Target: amd64-unknown-openbsd7.0]
  ignore line: [Thread model: posix]
  ignore line: [InstalledDir: /usr/bin]
  link line: [ "/usr/bin/ld" -e __start --eh-frame-hdr -Bdynamic -dynamic-linker /usr/libexec/ld.so -o cmTC_19229 /usr/lib/crt0.o /usr/lib/crtbegin.o -L/usr/lib CMakeFiles/cmTC_19229.dir/CMakeCCompilerABI.c.o -rpath-link /usr/X11R6/lib:/usr/local/lib -lcompiler_rt -lc -lcompiler_rt /usr/lib/crtend.o]
    arg [/usr/bin/ld] ==> ignore
    arg [-e] ==> ignore
    arg [__start] ==> ignore
    arg [--eh-frame-hdr] ==> ignore
    arg [-Bdynamic] ==> ignore
    arg [-dynamic-linker] ==> ignore
    arg [/usr/libexec/ld.so] ==> ignore
    arg [-o] ==> ignore
    arg [cmTC_19229] ==> ignore
    arg [/usr/lib/crt0.o] ==> obj [/usr/lib/crt0.o]
    arg [/usr/lib/crtbegin.o] ==> obj [/usr/lib/crtbegin.o]
    arg [-L/usr/lib] ==> dir [/usr/lib]
    arg [CMakeFiles/cmTC_19229.dir/CMakeCCompilerABI.c.o] ==> ignore
    arg [-rpath-link] ==> ignore
    arg [/usr/X11R6/lib:/usr/local/lib] ==> ignore
    arg [-lcompiler_rt] ==> lib [compiler_rt]
    arg [-lc] ==> lib [c]
    arg [-lcompiler_rt] ==> lib [compiler_rt]
    arg [/usr/lib/crtend.o] ==> obj [/usr/lib/crtend.o]
  collapse library dir [/usr/lib] ==> [/usr/lib]
  implicit libs: [compiler_rt;c;compiler_rt]
  implicit objs: [/usr/lib/crt0.o;/usr/lib/crtbegin.o;/usr/lib/crtend.o]
  implicit dirs: [/usr/lib]
  implicit fwks: []


